2023-09-14 10:42:12.872 [info] Reading sessions from keychain...
2023-09-14 10:42:12.872 [info] Getting sessions for all scopes...
2023-09-14 10:42:12.872 [info] Getting sessions for user:email...
2023-09-14 10:42:13.308 [info] Got 0 sessions for ...
2023-09-14 10:42:13.308 [info] Got 0 sessions for user:email...
2023-09-14 10:42:14.325 [info] Getting sessions for all scopes...
2023-09-14 10:42:14.325 [info] Got 0 sessions for ...
2023-09-14 10:42:14.705 [info] Getting sessions for all scopes...
2023-09-14 10:42:14.705 [info] Got 0 sessions for ...
2023-09-14 10:43:32.546 [info] Reading sessions from keychain...
2023-09-14 10:43:32.547 [info] Getting sessions for all scopes...
2023-09-14 10:43:32.598 [info] Getting sessions for user:email...
2023-09-14 10:43:32.609 [info] Got 0 sessions for ...
2023-09-14 10:43:32.609 [info] Got 0 sessions for user:email...
2023-09-14 10:43:32.617 [info] Getting sessions for all scopes...
2023-09-14 10:43:32.618 [info] Got 0 sessions for ...
2023-09-14 10:43:33.093 [info] Getting sessions for all scopes...
2023-09-14 10:43:33.095 [info] Got 0 sessions for ...
2023-09-14 10:43:36.674 [info] Getting sessions for read:user,repo,user:email,workflow...
2023-09-14 10:43:36.674 [info] Got 0 sessions for read:user,repo,user:email,workflow...
