2023-09-14 10:42:02.830 [info] Added views:workbench.panel.markers.view in workbench.panel.markers
2023-09-14 10:42:02.830 [info] Added views:workbench.panel.output in workbench.panel.output
2023-09-14 10:42:02.830 [info] Added views:terminal in terminal
2023-09-14 10:42:02.830 [info] Added views:outline in workbench.view.explorer
2023-09-14 10:42:02.830 [info] Added views:workbench.scm in workbench.view.scm
2023-09-14 10:42:02.830 [info] Added views:workbench.view.search in workbench.view.search
2023-09-14 10:42:02.830 [info] Added views:timeline in workbench.view.explorer
2023-09-14 10:42:02.830 [info] Added views:workbench.explorer.emptyView in workbench.view.explorer
2023-09-14 10:42:06.118 [info] Added views:vscode-edge-devtools-view.targets,vscode-edge-devtools-view.help-links in workbench.view.extension.vscode-edge-devtools-view
2023-09-14 10:42:06.363 [info] Added views:workbench.debug.variablesView,workbench.debug.watchExpressionsView,workbench.debug.callStackView,workbench.debug.breakPointsView in workbench.view.debug
2023-09-14 10:42:06.710 [info] Added views:workbench.panel.repl.view in workbench.panel.repl
2023-09-14 10:42:06.738 [info] Removed views:workbench.debug.breakPointsView,workbench.debug.callStackView,workbench.debug.watchExpressionsView,workbench.debug.variablesView from workbench.view.debug
2023-09-14 10:42:06.742 [info] Added views:workbench.debug.welcome in workbench.view.debug
2023-09-14 10:42:08.105 [info] Added views:~remote.forwardedPorts in ~remote.forwardedPortsContainer
2023-09-14 10:43:29.637 [info] Added views:workbench.panel.markers.view in workbench.panel.markers
2023-09-14 10:43:29.637 [info] Added views:workbench.panel.output in workbench.panel.output
2023-09-14 10:43:29.637 [info] Added views:terminal in terminal
2023-09-14 10:43:29.637 [info] Added views:outline in workbench.view.explorer
2023-09-14 10:43:29.637 [info] Added views:workbench.scm in workbench.view.scm
2023-09-14 10:43:29.637 [info] Added views:workbench.view.search in workbench.view.search
2023-09-14 10:43:29.637 [info] Added views:timeline in workbench.view.explorer
2023-09-14 10:43:29.637 [info] Added views:workbench.explorer.fileView in workbench.view.explorer
2023-09-14 10:43:30.252 [info] Added views:vscode-edge-devtools-view.targets,vscode-edge-devtools-view.help-links in workbench.view.extension.vscode-edge-devtools-view
2023-09-14 10:43:30.700 [info] Added views:workbench.debug.variablesView,workbench.debug.watchExpressionsView,workbench.debug.callStackView,workbench.debug.breakPointsView in workbench.view.debug
2023-09-14 10:43:30.760 [info] Added views:workbench.panel.repl.view in workbench.panel.repl
2023-09-14 10:43:30.762 [info] Removed views:workbench.debug.breakPointsView,workbench.debug.callStackView,workbench.debug.watchExpressionsView,workbench.debug.variablesView from workbench.view.debug
2023-09-14 10:43:30.763 [info] Added views:workbench.debug.welcome in workbench.view.debug
2023-09-14 10:43:31.426 [info] Added views:~remote.forwardedPorts in ~remote.forwardedPortsContainer
