2023-09-14 10:42:12.643 [info] Log level: Info
2023-09-14 10:42:12.643 [info] Validating found git in: "git"
2023-09-14 10:42:12.643 [info] Using git "2.34.1" from "git"
2023-09-14 10:42:35.715 [info] > git rev-parse --show-toplevel [18ms]
2023-09-14 10:42:50.468 [info] > git rev-parse --show-toplevel [20ms]
2023-09-14 10:43:07.959 [info] > git rev-parse --show-toplevel [47ms]
2023-09-14 10:43:35.759 [info] Log level: Info
2023-09-14 10:43:35.759 [info] Validating found git in: "git"
2023-09-14 10:43:35.759 [info] Using git "2.34.1" from "git"
2023-09-14 10:43:35.767 [info] > git rev-parse --show-toplevel [12ms]
2023-09-14 10:43:35.780 [info] > git rev-parse --git-dir --git-common-dir [3ms]
2023-09-14 10:43:35.813 [info] Open repository: /home/user/webpages_tech/lab-07
2023-09-14 10:43:35.864 [info] > git config --get commit.template [26ms]
2023-09-14 10:43:35.881 [info] > git rev-parse --show-toplevel [23ms]
2023-09-14 10:43:36.347 [info] > git for-each-ref --format=%(refname)%00%(upstream:short)%00%(objectname)%00%(upstream:track)%00%(upstream:remotename)%00%(upstream:remoteref) refs/heads/main refs/remotes/main [467ms]
2023-09-14 10:43:36.586 [info] > git check-ignore -v -z --stdin [211ms]
2023-09-14 10:43:36.592 [info] > git status -z -uall [231ms]
2023-09-14 10:43:36.648 [info] > git config --get commit.template [21ms]
2023-09-14 10:43:36.665 [info] > git for-each-ref --format=%(refname)%00%(upstream:short)%00%(objectname)%00%(upstream:track)%00%(upstream:remotename)%00%(upstream:remoteref) refs/heads/main refs/remotes/main [19ms]
2023-09-14 10:43:36.680 [info] > git status -z -uall [6ms]
2023-09-14 10:43:38.246 [info] > git config --get commit.template [6ms]
2023-09-14 10:43:38.247 [info] > git for-each-ref --format=%(refname)%00%(upstream:short)%00%(objectname)%00%(upstream:track)%00%(upstream:remotename)%00%(upstream:remoteref) refs/heads/main refs/remotes/main [2ms]
2023-09-14 10:43:38.258 [info] > git status -z -uall [4ms]
2023-09-14 10:43:39.144 [info] > git show --textconv :index.html [26ms]
2023-09-14 10:43:39.168 [info] > git ls-files --stage -- /home/user/webpages_tech/lab-07/index.html [24ms]
2023-09-14 10:43:43.280 [info] > git config --get commit.template [8ms]
2023-09-14 10:43:43.282 [info] > git for-each-ref --format=%(refname)%00%(upstream:short)%00%(objectname)%00%(upstream:track)%00%(upstream:remotename)%00%(upstream:remoteref) refs/heads/main refs/remotes/main [3ms]
2023-09-14 10:43:43.443 [info] > git status -z -uall [154ms]
2023-09-14 10:43:48.481 [info] > git config --get commit.template [6ms]
2023-09-14 10:43:48.485 [info] > git for-each-ref --format=%(refname)%00%(upstream:short)%00%(objectname)%00%(upstream:track)%00%(upstream:remotename)%00%(upstream:remoteref) refs/heads/main refs/remotes/main [5ms]
2023-09-14 10:43:48.502 [info] > git status -z -uall [0ms]
2023-09-14 10:43:53.527 [info] > git config --get commit.template [7ms]
2023-09-14 10:43:53.530 [info] > git for-each-ref --format=%(refname)%00%(upstream:short)%00%(objectname)%00%(upstream:track)%00%(upstream:remotename)%00%(upstream:remoteref) refs/heads/main refs/remotes/main [3ms]
2023-09-14 10:43:53.543 [info] > git status -z -uall [7ms]
2023-09-14 10:43:58.570 [info] > git config --get commit.template [8ms]
2023-09-14 10:43:58.573 [info] > git for-each-ref --format=%(refname)%00%(upstream:short)%00%(objectname)%00%(upstream:track)%00%(upstream:remotename)%00%(upstream:remoteref) refs/heads/main refs/remotes/main [4ms]
2023-09-14 10:43:58.582 [info] > git status -z -uall [3ms]
2023-09-14 10:44:03.603 [info] > git config --get commit.template [6ms]
2023-09-14 10:44:03.606 [info] > git for-each-ref --format=%(refname)%00%(upstream:short)%00%(objectname)%00%(upstream:track)%00%(upstream:remotename)%00%(upstream:remoteref) refs/heads/main refs/remotes/main [4ms]
2023-09-14 10:44:03.617 [info] > git status -z -uall [5ms]
2023-09-14 10:44:15.843 [info] > git config --get commit.template [6ms]
2023-09-14 10:44:15.847 [info] > git for-each-ref --format=%(refname)%00%(upstream:short)%00%(objectname)%00%(upstream:track)%00%(upstream:remotename)%00%(upstream:remoteref) refs/heads/main refs/remotes/main [4ms]
2023-09-14 10:44:15.856 [info] > git status -z -uall [4ms]
2023-09-14 10:44:20.882 [info] > git config --get commit.template [8ms]
2023-09-14 10:44:20.885 [info] > git for-each-ref --format=%(refname)%00%(upstream:short)%00%(objectname)%00%(upstream:track)%00%(upstream:remotename)%00%(upstream:remoteref) refs/heads/main refs/remotes/main [3ms]
2023-09-14 10:44:20.896 [info] > git status -z -uall [5ms]
2023-09-14 10:44:53.604 [info] > git for-each-ref --format=%(refname)%00%(upstream:short)%00%(objectname)%00%(upstream:track)%00%(upstream:remotename)%00%(upstream:remoteref) refs/heads/main refs/remotes/main [562ms]
2023-09-14 10:44:53.604 [info] > git config --get commit.template [22865ms]
2023-09-14 10:44:53.657 [info] > git status -z -uall [15ms]
2023-09-14 10:45:42.359 [info] > git config --get commit.template [12587ms]
2023-09-14 10:45:45.482 [info] > git for-each-ref --format=%(refname)%00%(upstream:short)%00%(objectname)%00%(upstream:track)%00%(upstream:remotename)%00%(upstream:remoteref) refs/heads/main refs/remotes/main [24ms]
2023-09-14 10:45:45.493 [info] > git status -z -uall [5ms]
2023-09-14 10:45:52.691 [info] > git config --get commit.template [88ms]
2023-09-14 10:45:55.401 [info] > git for-each-ref --format=%(refname)%00%(upstream:short)%00%(objectname)%00%(upstream:track)%00%(upstream:remotename)%00%(upstream:remoteref) refs/heads/main refs/remotes/main [12ms]
2023-09-14 10:45:55.421 [info] > git status -z -uall [10ms]
2023-09-14 10:46:00.573 [info] > git config --get commit.template [58ms]
2023-09-14 10:46:00.630 [info] > git for-each-ref --format=%(refname)%00%(upstream:short)%00%(objectname)%00%(upstream:track)%00%(upstream:remotename)%00%(upstream:remoteref) refs/heads/main refs/remotes/main [14ms]
2023-09-14 10:46:00.663 [info] > git status -z -uall [16ms]
