2023-09-14 10:49:35.635 [info] Extension host with pid 3880 started
2023-09-14 10:49:35.635 [info] Skipping acquiring lock for /home/user/webpages_tech/lab-07/~/.vscode-root/User/workspaceStorage/3cf8eaafb12523a83f39ff9c91781839.
2023-09-14 10:49:35.860 [info] ExtensionService#_doActivateExtension vscode.html-language-features, startup: false, activationEvent: 'onLanguage:html'
2023-09-14 10:49:35.922 [info] ExtensionService#_doActivateExtension ms-edgedevtools.vscode-edge-devtools, startup: false, activationEvent: 'onLanguage:html'
2023-09-14 10:49:36.147 [info] ExtensionService#_doActivateExtension vscode.emmet, startup: false, activationEvent: 'onLanguage'
2023-09-14 10:49:37.145 [info] ExtensionService#_doActivateExtension vscode.git-base, startup: true, activationEvent: '*', root cause: vscode.git
2023-09-14 10:49:37.468 [info] ExtensionService#_doActivateExtension vscode.git, startup: true, activationEvent: '*'
2023-09-14 10:49:37.825 [info] ExtensionService#_doActivateExtension vscode.github, startup: true, activationEvent: '*'
2023-09-14 10:49:38.120 [info] Eager extensions activated
2023-09-14 10:49:38.320 [info] ExtensionService#_doActivateExtension vscode.debug-auto-launch, startup: false, activationEvent: 'onStartupFinished'
2023-09-14 10:49:38.325 [info] ExtensionService#_doActivateExtension vscode.merge-conflict, startup: false, activationEvent: 'onStartupFinished'
2023-09-14 10:49:38.398 [info] ExtensionService#_doActivateExtension ritwickdey.LiveServer, startup: false, activationEvent: 'onStartupFinished'
2023-09-14 10:49:38.637 [warning] [Decorations] CAPPING events from decorations provider vscode.git 263
2023-09-14 10:49:38.949 [warning] [Decorations] CAPPING events from decorations provider vscode.git 263
2023-09-14 10:49:39.622 [info] ExtensionService#_doActivateExtension vscode.github-authentication, startup: false, activationEvent: 'onAuthenticationRequest:github'
2023-09-14 10:49:40.760 [info] ExtensionService#_doActivateExtension vscode.microsoft-authentication, startup: false, activationEvent: 'onAuthenticationRequest:microsoft'
2023-09-14 10:49:42.465 [warning] [Decorations] CAPPING events from decorations provider vscode.git 267
2023-09-14 10:49:47.512 [warning] [Decorations] CAPPING events from decorations provider vscode.git 267
2023-09-14 10:49:52.580 [warning] [Decorations] CAPPING events from decorations provider vscode.git 267
2023-09-14 10:49:57.618 [warning] [Decorations] CAPPING events from decorations provider vscode.git 271
2023-09-14 10:50:02.697 [warning] [Decorations] CAPPING events from decorations provider vscode.git 271
2023-09-14 10:50:07.770 [warning] [Decorations] CAPPING events from decorations provider vscode.git 271
2023-09-14 10:50:12.811 [warning] [Decorations] CAPPING events from decorations provider vscode.git 270
2023-09-14 10:50:17.889 [warning] [Decorations] CAPPING events from decorations provider vscode.git 270
2023-09-14 10:50:22.964 [warning] [Decorations] CAPPING events from decorations provider vscode.git 270
2023-09-14 10:50:28.000 [warning] [Decorations] CAPPING events from decorations provider vscode.git 270
2023-09-14 10:50:33.056 [warning] [Decorations] CAPPING events from decorations provider vscode.git 270
2023-09-14 10:50:37.881 [info] ExtensionService#_doActivateExtension vscode.typescript-language-features, startup: false, activationEvent: 'onLanguage:javascript'
2023-09-14 10:50:38.309 [warning] [Decorations] CAPPING events from decorations provider vscode.git 271
2023-09-14 10:50:43.441 [warning] [Decorations] CAPPING events from decorations provider vscode.git 271
2023-09-14 10:50:48.502 [warning] [Decorations] CAPPING events from decorations provider vscode.git 272
2023-09-14 10:50:53.544 [warning] [Decorations] CAPPING events from decorations provider vscode.git 272
2023-09-14 10:50:58.596 [warning] [Decorations] CAPPING events from decorations provider vscode.git 274
2023-09-14 10:51:03.635 [warning] [Decorations] CAPPING events from decorations provider vscode.git 271
2023-09-14 10:51:08.754 [warning] [Decorations] CAPPING events from decorations provider vscode.git 271
2023-09-14 10:51:13.817 [warning] [Decorations] CAPPING events from decorations provider vscode.git 271
2023-09-14 10:51:18.860 [warning] [Decorations] CAPPING events from decorations provider vscode.git 271
2023-09-14 10:52:12.192 [warning] [Decorations] CAPPING events from decorations provider vscode.git 271
2023-09-14 10:52:17.244 [warning] [Decorations] CAPPING events from decorations provider vscode.git 271
2023-09-14 10:52:22.338 [warning] [Decorations] CAPPING events from decorations provider vscode.git 271
2023-09-14 10:52:27.391 [warning] [Decorations] CAPPING events from decorations provider vscode.git 272
2023-09-14 10:52:32.491 [warning] [Decorations] CAPPING events from decorations provider vscode.git 271
2023-09-14 10:52:37.530 [warning] [Decorations] CAPPING events from decorations provider vscode.git 272
2023-09-14 10:52:42.683 [warning] [Decorations] CAPPING events from decorations provider vscode.git 272
2023-09-14 10:52:47.733 [warning] [Decorations] CAPPING events from decorations provider vscode.git 272
2023-09-14 10:52:52.827 [warning] [Decorations] CAPPING events from decorations provider vscode.git 272
2023-09-14 10:52:57.931 [warning] [Decorations] CAPPING events from decorations provider vscode.git 272
2023-09-14 10:53:02.975 [warning] [Decorations] CAPPING events from decorations provider vscode.git 272
2023-09-14 10:53:08.053 [warning] [Decorations] CAPPING events from decorations provider vscode.git 272
2023-09-14 10:53:13.109 [warning] [Decorations] CAPPING events from decorations provider vscode.git 272
2023-09-14 10:53:18.159 [warning] [Decorations] CAPPING events from decorations provider vscode.git 273
2023-09-14 10:55:15.714 [warning] [Decorations] CAPPING events from decorations provider vscode.git 417
2023-09-14 10:55:41.391 [warning] [Decorations] CAPPING events from decorations provider vscode.git 417
2023-09-14 10:55:46.477 [warning] [Decorations] CAPPING events from decorations provider vscode.git 417
2023-09-14 10:55:51.510 [warning] [Decorations] CAPPING events from decorations provider vscode.git 418
2023-09-14 10:55:56.579 [warning] [Decorations] CAPPING events from decorations provider vscode.git 418
2023-09-14 10:56:01.631 [warning] [Decorations] CAPPING events from decorations provider vscode.git 418
2023-09-14 10:56:06.694 [warning] [Decorations] CAPPING events from decorations provider vscode.git 418
2023-09-14 10:56:11.731 [warning] [Decorations] CAPPING events from decorations provider vscode.git 418
2023-09-14 10:56:16.772 [warning] [Decorations] CAPPING events from decorations provider vscode.git 418
2023-09-14 10:56:21.835 [warning] [Decorations] CAPPING events from decorations provider vscode.git 418
2023-09-14 10:56:26.882 [warning] [Decorations] CAPPING events from decorations provider vscode.git 418
2023-09-14 10:56:31.942 [warning] [Decorations] CAPPING events from decorations provider vscode.git 418
2023-09-14 10:56:36.991 [warning] [Decorations] CAPPING events from decorations provider vscode.git 418
2023-09-14 10:56:42.049 [warning] [Decorations] CAPPING events from decorations provider vscode.git 418
2023-09-14 10:56:47.102 [warning] [Decorations] CAPPING events from decorations provider vscode.git 418
2023-09-14 10:56:52.187 [warning] [Decorations] CAPPING events from decorations provider vscode.git 418
2023-09-14 10:56:57.235 [warning] [Decorations] CAPPING events from decorations provider vscode.git 418
2023-09-14 10:57:02.349 [warning] [Decorations] CAPPING events from decorations provider vscode.git 418
2023-09-14 10:57:07.409 [warning] [Decorations] CAPPING events from decorations provider vscode.git 418
2023-09-14 10:57:12.442 [warning] [Decorations] CAPPING events from decorations provider vscode.git 418
2023-09-14 10:57:17.476 [warning] [Decorations] CAPPING events from decorations provider vscode.git 418
2023-09-14 10:57:22.524 [warning] [Decorations] CAPPING events from decorations provider vscode.git 418
2023-09-14 10:57:27.595 [warning] [Decorations] CAPPING events from decorations provider vscode.git 418
2023-09-14 10:57:32.642 [warning] [Decorations] CAPPING events from decorations provider vscode.git 418
2023-09-14 10:57:37.682 [warning] [Decorations] CAPPING events from decorations provider vscode.git 418
2023-09-14 10:57:42.718 [warning] [Decorations] CAPPING events from decorations provider vscode.git 418
2023-09-14 10:57:47.775 [warning] [Decorations] CAPPING events from decorations provider vscode.git 418
2023-09-14 10:57:52.874 [warning] [Decorations] CAPPING events from decorations provider vscode.git 418
2023-09-14 10:57:57.997 [warning] [Decorations] CAPPING events from decorations provider vscode.git 419
2023-09-14 10:58:03.043 [warning] [Decorations] CAPPING events from decorations provider vscode.git 418
2023-09-14 10:58:08.089 [warning] [Decorations] CAPPING events from decorations provider vscode.git 418
2023-09-14 10:58:13.127 [warning] [Decorations] CAPPING events from decorations provider vscode.git 418
2023-09-14 10:58:18.167 [warning] [Decorations] CAPPING events from decorations provider vscode.git 418
2023-09-14 10:58:23.234 [warning] [Decorations] CAPPING events from decorations provider vscode.git 418
2023-09-14 11:00:14.303 [warning] [Decorations] CAPPING events from decorations provider vscode.git 419
2023-09-14 11:00:19.351 [warning] [Decorations] CAPPING events from decorations provider vscode.git 419
2023-09-14 11:00:24.476 [warning] [Decorations] CAPPING events from decorations provider vscode.git 419
2023-09-14 11:00:29.524 [warning] [Decorations] CAPPING events from decorations provider vscode.git 419
2023-09-14 11:00:34.585 [warning] [Decorations] CAPPING events from decorations provider vscode.git 419
2023-09-14 11:00:39.717 [warning] [Decorations] CAPPING events from decorations provider vscode.git 419
2023-09-14 11:00:44.763 [warning] [Decorations] CAPPING events from decorations provider vscode.git 419
2023-09-14 11:00:49.862 [warning] [Decorations] CAPPING events from decorations provider vscode.git 419
2023-09-14 11:00:54.934 [warning] [Decorations] CAPPING events from decorations provider vscode.git 420
2023-09-14 11:00:59.974 [warning] [Decorations] CAPPING events from decorations provider vscode.git 420
2023-09-14 11:01:05.091 [warning] [Decorations] CAPPING events from decorations provider vscode.git 421
2023-09-14 11:01:12.689 [warning] [Decorations] CAPPING events from decorations provider vscode.git 420
2023-09-14 11:01:17.803 [warning] [Decorations] CAPPING events from decorations provider vscode.git 420
2023-09-14 11:01:22.960 [warning] [Decorations] CAPPING events from decorations provider vscode.git 421
2023-09-14 11:01:28.038 [warning] [Decorations] CAPPING events from decorations provider vscode.git 422
2023-09-14 11:01:33.089 [warning] [Decorations] CAPPING events from decorations provider vscode.git 421
2023-09-14 11:01:44.197 [warning] [Decorations] CAPPING events from decorations provider vscode.git 421
2023-09-14 11:01:49.237 [warning] [Decorations] CAPPING events from decorations provider vscode.git 421
2023-09-14 11:01:54.310 [warning] [Decorations] CAPPING events from decorations provider vscode.git 421
2023-09-14 11:01:59.360 [warning] [Decorations] CAPPING events from decorations provider vscode.git 421
2023-09-14 11:02:04.433 [warning] [Decorations] CAPPING events from decorations provider vscode.git 421
2023-09-14 11:02:09.518 [warning] [Decorations] CAPPING events from decorations provider vscode.git 421
2023-09-14 11:02:14.634 [warning] [Decorations] CAPPING events from decorations provider vscode.git 421
2023-09-14 11:02:19.668 [warning] [Decorations] CAPPING events from decorations provider vscode.git 421
2023-09-14 11:02:24.736 [warning] [Decorations] CAPPING events from decorations provider vscode.git 422
2023-09-14 11:02:34.361 [warning] [Decorations] CAPPING events from decorations provider vscode.git 423
2023-09-14 11:02:39.413 [warning] [Decorations] CAPPING events from decorations provider vscode.git 422
2023-09-14 11:02:44.472 [warning] [Decorations] CAPPING events from decorations provider vscode.git 422
2023-09-14 11:02:49.519 [warning] [Decorations] CAPPING events from decorations provider vscode.git 422
2023-09-14 11:02:54.576 [warning] [Decorations] CAPPING events from decorations provider vscode.git 422
2023-09-14 11:02:59.673 [warning] [Decorations] CAPPING events from decorations provider vscode.git 422
2023-09-14 11:03:04.787 [warning] [Decorations] CAPPING events from decorations provider vscode.git 423
2023-09-14 11:03:09.844 [warning] [Decorations] CAPPING events from decorations provider vscode.git 424
2023-09-14 11:03:14.877 [warning] [Decorations] CAPPING events from decorations provider vscode.git 424
2023-09-14 11:03:19.924 [warning] [Decorations] CAPPING events from decorations provider vscode.git 423
2023-09-14 11:03:24.961 [warning] [Decorations] CAPPING events from decorations provider vscode.git 423
2023-09-14 11:03:29.998 [warning] [Decorations] CAPPING events from decorations provider vscode.git 423
2023-09-14 11:03:35.039 [warning] [Decorations] CAPPING events from decorations provider vscode.git 423
2023-09-14 11:03:40.078 [warning] [Decorations] CAPPING events from decorations provider vscode.git 423
2023-09-14 11:03:45.127 [warning] [Decorations] CAPPING events from decorations provider vscode.git 423
2023-09-14 11:03:50.198 [warning] [Decorations] CAPPING events from decorations provider vscode.git 424
2023-09-14 11:03:55.417 [warning] [Decorations] CAPPING events from decorations provider vscode.git 424
2023-09-14 11:04:00.470 [warning] [Decorations] CAPPING events from decorations provider vscode.git 424
2023-09-14 11:04:05.581 [warning] [Decorations] CAPPING events from decorations provider vscode.git 424
2023-09-14 11:04:10.666 [warning] [Decorations] CAPPING events from decorations provider vscode.git 424
2023-09-14 11:04:15.729 [warning] [Decorations] CAPPING events from decorations provider vscode.git 425
2023-09-14 11:04:20.814 [warning] [Decorations] CAPPING events from decorations provider vscode.git 425
2023-09-14 11:04:27.397 [warning] [Decorations] CAPPING events from decorations provider vscode.git 426
2023-09-14 11:04:32.446 [warning] [Decorations] CAPPING events from decorations provider vscode.git 425
2023-09-14 11:04:37.490 [warning] [Decorations] CAPPING events from decorations provider vscode.git 425
2023-09-14 11:04:42.528 [warning] [Decorations] CAPPING events from decorations provider vscode.git 425
2023-09-14 11:04:47.579 [warning] [Decorations] CAPPING events from decorations provider vscode.git 425
2023-09-14 11:04:52.668 [warning] [Decorations] CAPPING events from decorations provider vscode.git 426
2023-09-14 11:04:57.802 [warning] [Decorations] CAPPING events from decorations provider vscode.git 426
2023-09-14 11:05:02.902 [warning] [Decorations] CAPPING events from decorations provider vscode.git 426
2023-09-14 11:05:07.968 [warning] [Decorations] CAPPING events from decorations provider vscode.git 426
2023-09-14 11:05:13.021 [warning] [Decorations] CAPPING events from decorations provider vscode.git 426
2023-09-14 11:05:18.072 [warning] [Decorations] CAPPING events from decorations provider vscode.git 426
2023-09-14 11:05:23.142 [warning] [Decorations] CAPPING events from decorations provider vscode.git 426
2023-09-14 11:05:28.185 [warning] [Decorations] CAPPING events from decorations provider vscode.git 426
2023-09-14 11:05:33.238 [warning] [Decorations] CAPPING events from decorations provider vscode.git 426
2023-09-14 11:05:38.305 [warning] [Decorations] CAPPING events from decorations provider vscode.git 426
2023-09-14 11:05:43.426 [warning] [Decorations] CAPPING events from decorations provider vscode.git 427
2023-09-14 11:05:48.489 [warning] [Decorations] CAPPING events from decorations provider vscode.git 426
2023-09-14 11:05:53.547 [warning] [Decorations] CAPPING events from decorations provider vscode.git 426
2023-09-14 11:05:58.610 [warning] [Decorations] CAPPING events from decorations provider vscode.git 426
2023-09-14 11:06:03.728 [warning] [Decorations] CAPPING events from decorations provider vscode.git 426
2023-09-14 11:06:08.816 [warning] [Decorations] CAPPING events from decorations provider vscode.git 426
2023-09-14 11:06:13.908 [warning] [Decorations] CAPPING events from decorations provider vscode.git 426
2023-09-14 11:06:19.363 [warning] [Decorations] CAPPING events from decorations provider vscode.git 426
2023-09-14 11:06:24.417 [warning] [Decorations] CAPPING events from decorations provider vscode.git 426
2023-09-14 11:06:29.471 [warning] [Decorations] CAPPING events from decorations provider vscode.git 426
2023-09-14 11:06:34.508 [warning] [Decorations] CAPPING events from decorations provider vscode.git 426
2023-09-14 11:06:39.552 [warning] [Decorations] CAPPING events from decorations provider vscode.git 426
2023-09-14 11:06:44.600 [warning] [Decorations] CAPPING events from decorations provider vscode.git 426
2023-09-14 11:07:39.479 [warning] [Decorations] CAPPING events from decorations provider vscode.git 426
2023-09-14 11:07:44.528 [warning] [Decorations] CAPPING events from decorations provider vscode.git 426
2023-09-14 11:07:49.598 [warning] [Decorations] CAPPING events from decorations provider vscode.git 426
2023-09-14 11:07:54.641 [warning] [Decorations] CAPPING events from decorations provider vscode.git 426
2023-09-14 11:07:59.700 [warning] [Decorations] CAPPING events from decorations provider vscode.git 426
2023-09-14 11:08:04.745 [warning] [Decorations] CAPPING events from decorations provider vscode.git 426
2023-09-14 11:08:09.787 [warning] [Decorations] CAPPING events from decorations provider vscode.git 427
2023-09-14 11:08:14.829 [warning] [Decorations] CAPPING events from decorations provider vscode.git 428
2023-09-14 11:08:20.899 [warning] [Decorations] CAPPING events from decorations provider vscode.git 427
2023-09-14 11:08:25.956 [warning] [Decorations] CAPPING events from decorations provider vscode.git 428
2023-09-14 11:08:31.015 [warning] [Decorations] CAPPING events from decorations provider vscode.git 429
2023-09-14 11:08:54.530 [warning] [Decorations] CAPPING events from decorations provider vscode.git 428
2023-09-14 11:08:59.765 [warning] [Decorations] CAPPING events from decorations provider vscode.git 428
2023-09-14 11:09:04.807 [warning] [Decorations] CAPPING events from decorations provider vscode.git 429
2023-09-14 11:09:09.859 [warning] [Decorations] CAPPING events from decorations provider vscode.git 429
2023-09-14 11:09:30.412 [warning] [Decorations] CAPPING events from decorations provider vscode.git 430
2023-09-14 11:09:35.462 [warning] [Decorations] CAPPING events from decorations provider vscode.git 429
2023-09-14 11:09:40.989 [warning] [Decorations] CAPPING events from decorations provider vscode.git 429
2023-09-14 11:09:46.051 [warning] [Decorations] CAPPING events from decorations provider vscode.git 429
2023-09-14 11:09:51.181 [warning] [Decorations] CAPPING events from decorations provider vscode.git 430
2023-09-14 11:10:01.657 [warning] [Decorations] CAPPING events from decorations provider vscode.git 431
2023-09-14 11:10:06.729 [warning] [Decorations] CAPPING events from decorations provider vscode.git 430
2023-09-14 11:10:11.801 [warning] [Decorations] CAPPING events from decorations provider vscode.git 430
2023-09-14 11:10:16.846 [warning] [Decorations] CAPPING events from decorations provider vscode.git 430
2023-09-14 11:10:21.893 [warning] [Decorations] CAPPING events from decorations provider vscode.git 431
2023-09-14 11:10:39.959 [warning] [Decorations] CAPPING events from decorations provider vscode.git 432
2023-09-14 11:10:45.061 [warning] [Decorations] CAPPING events from decorations provider vscode.git 431
2023-09-14 11:10:50.109 [warning] [Decorations] CAPPING events from decorations provider vscode.git 431
2023-09-14 11:10:55.228 [warning] [Decorations] CAPPING events from decorations provider vscode.git 431
2023-09-14 11:11:00.310 [warning] [Decorations] CAPPING events from decorations provider vscode.git 431
2023-09-14 11:11:05.375 [warning] [Decorations] CAPPING events from decorations provider vscode.git 431
2023-09-14 11:11:10.447 [warning] [Decorations] CAPPING events from decorations provider vscode.git 431
2023-09-14 11:11:15.508 [warning] [Decorations] CAPPING events from decorations provider vscode.git 431
2023-09-14 11:11:20.604 [warning] [Decorations] CAPPING events from decorations provider vscode.git 431
2023-09-14 11:11:25.642 [warning] [Decorations] CAPPING events from decorations provider vscode.git 431
2023-09-14 11:11:30.680 [warning] [Decorations] CAPPING events from decorations provider vscode.git 431
2023-09-14 11:11:35.741 [warning] [Decorations] CAPPING events from decorations provider vscode.git 431
2023-09-14 11:12:30.918 [warning] [Decorations] CAPPING events from decorations provider vscode.git 431
2023-09-14 11:12:36.043 [warning] [Decorations] CAPPING events from decorations provider vscode.git 431
2023-09-14 11:12:41.111 [warning] [Decorations] CAPPING events from decorations provider vscode.git 431
2023-09-14 11:12:46.202 [warning] [Decorations] CAPPING events from decorations provider vscode.git 431
2023-09-14 11:12:51.251 [warning] [Decorations] CAPPING events from decorations provider vscode.git 431
2023-09-14 11:12:56.431 [warning] [Decorations] CAPPING events from decorations provider vscode.git 431
2023-09-14 11:13:01.492 [warning] [Decorations] CAPPING events from decorations provider vscode.git 431
2023-09-14 11:13:06.645 [warning] [Decorations] CAPPING events from decorations provider vscode.git 431
2023-09-14 11:13:11.719 [warning] [Decorations] CAPPING events from decorations provider vscode.git 431
2023-09-14 11:13:16.782 [warning] [Decorations] CAPPING events from decorations provider vscode.git 431
2023-09-14 11:13:22.351 [warning] [Decorations] CAPPING events from decorations provider vscode.git 431
2023-09-14 11:13:27.410 [warning] [Decorations] CAPPING events from decorations provider vscode.git 431
2023-09-14 11:13:32.512 [warning] [Decorations] CAPPING events from decorations provider vscode.git 431
2023-09-14 11:13:37.731 [warning] [Decorations] CAPPING events from decorations provider vscode.git 431
2023-09-14 11:13:43.044 [warning] [Decorations] CAPPING events from decorations provider vscode.git 431
2023-09-14 11:13:48.170 [warning] [Decorations] CAPPING events from decorations provider vscode.git 431
2023-09-14 11:13:53.387 [warning] [Decorations] CAPPING events from decorations provider vscode.git 431
2023-09-14 11:13:58.441 [warning] [Decorations] CAPPING events from decorations provider vscode.git 431
2023-09-14 11:14:04.160 [warning] [Decorations] CAPPING events from decorations provider vscode.git 431
2023-09-14 11:14:09.256 [warning] [Decorations] CAPPING events from decorations provider vscode.git 431
2023-09-14 11:14:14.314 [warning] [Decorations] CAPPING events from decorations provider vscode.git 431
2023-09-14 11:14:19.384 [warning] [Decorations] CAPPING events from decorations provider vscode.git 431
2023-09-14 11:14:24.450 [warning] [Decorations] CAPPING events from decorations provider vscode.git 431
2023-09-14 11:14:29.536 [warning] [Decorations] CAPPING events from decorations provider vscode.git 431
2023-09-14 11:14:34.592 [warning] [Decorations] CAPPING events from decorations provider vscode.git 431
2023-09-14 11:14:39.786 [warning] [Decorations] CAPPING events from decorations provider vscode.git 431
2023-09-14 11:14:44.903 [warning] [Decorations] CAPPING events from decorations provider vscode.git 431
2023-09-14 11:14:50.008 [warning] [Decorations] CAPPING events from decorations provider vscode.git 431
2023-09-14 11:14:55.636 [warning] [Decorations] CAPPING events from decorations provider vscode.git 431
2023-09-14 11:15:00.688 [warning] [Decorations] CAPPING events from decorations provider vscode.git 431
2023-09-14 11:15:05.789 [warning] [Decorations] CAPPING events from decorations provider vscode.git 431
2023-09-14 11:15:10.859 [warning] [Decorations] CAPPING events from decorations provider vscode.git 431
2023-09-14 11:15:15.919 [warning] [Decorations] CAPPING events from decorations provider vscode.git 431
2023-09-14 11:15:21.258 [warning] [Decorations] CAPPING events from decorations provider vscode.git 431
2023-09-14 11:15:26.394 [warning] [Decorations] CAPPING events from decorations provider vscode.git 431
2023-09-14 11:15:31.448 [warning] [Decorations] CAPPING events from decorations provider vscode.git 431
2023-09-14 11:15:36.542 [warning] [Decorations] CAPPING events from decorations provider vscode.git 431
2023-09-14 11:15:41.614 [warning] [Decorations] CAPPING events from decorations provider vscode.git 431
2023-09-14 11:15:46.656 [warning] [Decorations] CAPPING events from decorations provider vscode.git 431
2023-09-14 11:15:51.751 [warning] [Decorations] CAPPING events from decorations provider vscode.git 431
2023-09-14 11:15:56.839 [warning] [Decorations] CAPPING events from decorations provider vscode.git 431
2023-09-14 11:16:01.918 [warning] [Decorations] CAPPING events from decorations provider vscode.git 431
2023-09-14 11:16:06.971 [warning] [Decorations] CAPPING events from decorations provider vscode.git 431
2023-09-14 11:16:12.233 [warning] [Decorations] CAPPING events from decorations provider vscode.git 431
2023-09-14 11:16:17.387 [warning] [Decorations] CAPPING events from decorations provider vscode.git 431
2023-09-14 11:16:22.435 [warning] [Decorations] CAPPING events from decorations provider vscode.git 431
2023-09-14 11:16:27.777 [warning] [Decorations] CAPPING events from decorations provider vscode.git 431
2023-09-14 11:16:32.868 [warning] [Decorations] CAPPING events from decorations provider vscode.git 431
2023-09-14 11:16:37.928 [warning] [Decorations] CAPPING events from decorations provider vscode.git 431
2023-09-14 11:16:42.974 [warning] [Decorations] CAPPING events from decorations provider vscode.git 431
2023-09-14 11:16:48.028 [warning] [Decorations] CAPPING events from decorations provider vscode.git 431
2023-09-14 11:16:54.384 [warning] [Decorations] CAPPING events from decorations provider vscode.git 431
2023-09-14 11:16:59.883 [warning] [Decorations] CAPPING events from decorations provider vscode.git 431
2023-09-14 11:17:04.954 [warning] [Decorations] CAPPING events from decorations provider vscode.git 431
2023-09-14 11:17:10.052 [warning] [Decorations] CAPPING events from decorations provider vscode.git 432
2023-09-14 11:17:15.092 [warning] [Decorations] CAPPING events from decorations provider vscode.git 432
2023-09-14 11:17:25.855 [warning] [Decorations] CAPPING events from decorations provider vscode.git 433
2023-09-14 11:17:30.953 [warning] [Decorations] CAPPING events from decorations provider vscode.git 432
2023-09-14 11:17:36.027 [warning] [Decorations] CAPPING events from decorations provider vscode.git 433
2023-09-14 11:17:41.078 [warning] [Decorations] CAPPING events from decorations provider vscode.git 433
2023-09-14 11:17:46.118 [warning] [Decorations] CAPPING events from decorations provider vscode.git 433
2023-09-14 11:18:38.790 [warning] [Decorations] CAPPING events from decorations provider vscode.git 435
2023-09-14 11:18:43.829 [warning] [Decorations] CAPPING events from decorations provider vscode.git 434
2023-09-14 11:18:48.885 [warning] [Decorations] CAPPING events from decorations provider vscode.git 434
2023-09-14 11:19:06.031 [warning] [Decorations] CAPPING events from decorations provider vscode.git 434
2023-09-14 11:19:11.068 [warning] [Decorations] CAPPING events from decorations provider vscode.git 434
2023-09-14 11:19:16.132 [warning] [Decorations] CAPPING events from decorations provider vscode.git 434
2023-09-14 11:19:21.183 [warning] [Decorations] CAPPING events from decorations provider vscode.git 434
2023-09-14 11:19:26.254 [warning] [Decorations] CAPPING events from decorations provider vscode.git 434
2023-09-14 11:20:02.416 [warning] [Decorations] CAPPING events from decorations provider vscode.git 434
2023-09-14 11:20:07.474 [warning] [Decorations] CAPPING events from decorations provider vscode.git 434
2023-09-14 11:20:12.524 [warning] [Decorations] CAPPING events from decorations provider vscode.git 434
2023-09-14 11:20:17.579 [warning] [Decorations] CAPPING events from decorations provider vscode.git 435
2023-09-14 11:20:22.622 [warning] [Decorations] CAPPING events from decorations provider vscode.git 435
2023-09-14 11:20:27.700 [warning] [Decorations] CAPPING events from decorations provider vscode.git 435
2023-09-14 11:20:32.844 [warning] [Decorations] CAPPING events from decorations provider vscode.git 436
2023-09-14 11:20:37.883 [warning] [Decorations] CAPPING events from decorations provider vscode.git 435
2023-09-14 11:20:42.948 [warning] [Decorations] CAPPING events from decorations provider vscode.git 435
2023-09-14 11:20:48.032 [warning] [Decorations] CAPPING events from decorations provider vscode.git 435
2023-09-14 11:20:53.104 [warning] [Decorations] CAPPING events from decorations provider vscode.git 435
2023-09-14 11:20:58.147 [warning] [Decorations] CAPPING events from decorations provider vscode.git 435
2023-09-14 11:21:03.221 [warning] [Decorations] CAPPING events from decorations provider vscode.git 435
2023-09-14 11:21:08.276 [warning] [Decorations] CAPPING events from decorations provider vscode.git 435
2023-09-14 11:21:13.355 [warning] [Decorations] CAPPING events from decorations provider vscode.git 435
2023-09-14 11:21:18.426 [warning] [Decorations] CAPPING events from decorations provider vscode.git 435
2023-09-14 11:21:23.865 [warning] [Decorations] CAPPING events from decorations provider vscode.git 435
2023-09-14 11:21:28.910 [warning] [Decorations] CAPPING events from decorations provider vscode.git 435
2023-09-14 11:21:34.224 [warning] [Decorations] CAPPING events from decorations provider vscode.git 435
2023-09-14 11:21:39.280 [warning] [Decorations] CAPPING events from decorations provider vscode.git 435
2023-09-14 11:21:44.340 [warning] [Decorations] CAPPING events from decorations provider vscode.git 435
2023-09-14 11:21:49.448 [warning] [Decorations] CAPPING events from decorations provider vscode.git 435
2023-09-14 11:21:54.545 [warning] [Decorations] CAPPING events from decorations provider vscode.git 435
2023-09-14 11:21:59.636 [warning] [Decorations] CAPPING events from decorations provider vscode.git 435
2023-09-14 11:22:04.686 [warning] [Decorations] CAPPING events from decorations provider vscode.git 435
2023-09-14 11:22:09.742 [warning] [Decorations] CAPPING events from decorations provider vscode.git 435
2023-09-14 11:22:14.800 [warning] [Decorations] CAPPING events from decorations provider vscode.git 435
2023-09-14 11:22:19.856 [warning] [Decorations] CAPPING events from decorations provider vscode.git 435
2023-09-14 11:22:24.896 [warning] [Decorations] CAPPING events from decorations provider vscode.git 435
2023-09-14 11:22:29.944 [warning] [Decorations] CAPPING events from decorations provider vscode.git 435
2023-09-14 11:22:34.994 [warning] [Decorations] CAPPING events from decorations provider vscode.git 435
2023-09-14 11:22:40.103 [warning] [Decorations] CAPPING events from decorations provider vscode.git 435
2023-09-14 11:22:45.148 [warning] [Decorations] CAPPING events from decorations provider vscode.git 435
2023-09-14 11:22:50.185 [warning] [Decorations] CAPPING events from decorations provider vscode.git 435
2023-09-14 11:22:55.238 [warning] [Decorations] CAPPING events from decorations provider vscode.git 435
2023-09-14 11:23:01.982 [warning] [Decorations] CAPPING events from decorations provider vscode.git 435
2023-09-14 11:23:07.055 [warning] [Decorations] CAPPING events from decorations provider vscode.git 435
2023-09-14 11:23:12.177 [warning] [Decorations] CAPPING events from decorations provider vscode.git 435
2023-09-14 11:23:17.261 [warning] [Decorations] CAPPING events from decorations provider vscode.git 435
2023-09-14 11:23:23.025 [warning] [Decorations] CAPPING events from decorations provider vscode.git 435
2023-09-14 11:23:28.126 [warning] [Decorations] CAPPING events from decorations provider vscode.git 435
2023-09-14 11:23:33.183 [warning] [Decorations] CAPPING events from decorations provider vscode.git 435
2023-09-14 11:23:38.227 [warning] [Decorations] CAPPING events from decorations provider vscode.git 435
2023-09-14 11:23:43.356 [warning] [Decorations] CAPPING events from decorations provider vscode.git 435
2023-09-14 11:23:48.460 [warning] [Decorations] CAPPING events from decorations provider vscode.git 435
2023-09-14 11:23:53.575 [warning] [Decorations] CAPPING events from decorations provider vscode.git 435
2023-09-14 12:00:25.284 [warning] [Decorations] CAPPING events from decorations provider vscode.git 435
2023-09-14 12:00:30.432 [warning] [Decorations] CAPPING events from decorations provider vscode.git 435
2023-09-14 12:00:35.535 [warning] [Decorations] CAPPING events from decorations provider vscode.git 435
2023-09-14 12:00:40.624 [warning] [Decorations] CAPPING events from decorations provider vscode.git 436
2023-09-14 12:00:45.680 [warning] [Decorations] CAPPING events from decorations provider vscode.git 437
2023-09-14 12:00:50.739 [warning] [Decorations] CAPPING events from decorations provider vscode.git 436
2023-09-14 12:00:55.862 [warning] [Decorations] CAPPING events from decorations provider vscode.git 436
2023-09-14 12:01:00.914 [warning] [Decorations] CAPPING events from decorations provider vscode.git 436
2023-09-14 12:01:06.029 [warning] [Decorations] CAPPING events from decorations provider vscode.git 436
2023-09-14 12:01:11.104 [warning] [Decorations] CAPPING events from decorations provider vscode.git 437
2023-09-14 12:01:16.169 [warning] [Decorations] CAPPING events from decorations provider vscode.git 437
2023-09-14 12:01:21.221 [warning] [Decorations] CAPPING events from decorations provider vscode.git 437
2023-09-14 12:01:26.269 [warning] [Decorations] CAPPING events from decorations provider vscode.git 437
2023-09-14 12:01:31.340 [warning] [Decorations] CAPPING events from decorations provider vscode.git 437
2023-09-14 12:01:36.380 [warning] [Decorations] CAPPING events from decorations provider vscode.git 437
2023-09-14 12:01:41.499 [warning] [Decorations] CAPPING events from decorations provider vscode.git 437
2023-09-14 12:01:46.538 [warning] [Decorations] CAPPING events from decorations provider vscode.git 437
2023-09-14 12:01:51.579 [warning] [Decorations] CAPPING events from decorations provider vscode.git 437
2023-09-14 12:01:56.684 [warning] [Decorations] CAPPING events from decorations provider vscode.git 437
2023-09-14 12:02:01.726 [warning] [Decorations] CAPPING events from decorations provider vscode.git 437
2023-09-14 12:02:06.776 [warning] [Decorations] CAPPING events from decorations provider vscode.git 437
2023-09-14 12:02:11.822 [warning] [Decorations] CAPPING events from decorations provider vscode.git 437
2023-09-14 12:02:17.580 [warning] [Decorations] CAPPING events from decorations provider vscode.git 437
2023-09-14 12:02:23.093 [warning] [Decorations] CAPPING events from decorations provider vscode.git 437
2023-09-14 12:02:28.147 [warning] [Decorations] CAPPING events from decorations provider vscode.git 437
2023-09-14 12:02:33.189 [warning] [Decorations] CAPPING events from decorations provider vscode.git 437
2023-09-14 12:02:38.485 [warning] [Decorations] CAPPING events from decorations provider vscode.git 437
2023-09-14 12:02:43.663 [warning] [Decorations] CAPPING events from decorations provider vscode.git 437
2023-09-14 12:02:48.711 [warning] [Decorations] CAPPING events from decorations provider vscode.git 437
2023-09-14 12:02:53.769 [warning] [Decorations] CAPPING events from decorations provider vscode.git 437
2023-09-14 12:02:58.837 [warning] [Decorations] CAPPING events from decorations provider vscode.git 437
2023-09-14 12:03:03.899 [warning] [Decorations] CAPPING events from decorations provider vscode.git 437
2023-09-14 12:03:09.004 [warning] [Decorations] CAPPING events from decorations provider vscode.git 437
2023-09-14 12:03:14.163 [warning] [Decorations] CAPPING events from decorations provider vscode.git 437
2023-09-14 12:03:19.262 [warning] [Decorations] CAPPING events from decorations provider vscode.git 437
2023-09-14 12:03:24.349 [warning] [Decorations] CAPPING events from decorations provider vscode.git 437
2023-09-14 12:03:29.394 [warning] [Decorations] CAPPING events from decorations provider vscode.git 437
2023-09-14 12:03:34.451 [warning] [Decorations] CAPPING events from decorations provider vscode.git 437
2023-09-14 12:05:49.397 [warning] [Decorations] CAPPING events from decorations provider vscode.git 437
2023-09-14 12:05:54.489 [warning] [Decorations] CAPPING events from decorations provider vscode.git 437
2023-09-14 12:05:59.562 [warning] [Decorations] CAPPING events from decorations provider vscode.git 437
2023-09-14 12:06:04.613 [warning] [Decorations] CAPPING events from decorations provider vscode.git 438
2023-09-14 12:06:09.671 [warning] [Decorations] CAPPING events from decorations provider vscode.git 438
2023-09-14 12:06:14.767 [warning] [Decorations] CAPPING events from decorations provider vscode.git 438
2023-09-14 12:06:19.833 [warning] [Decorations] CAPPING events from decorations provider vscode.git 438
2023-09-14 12:06:24.913 [warning] [Decorations] CAPPING events from decorations provider vscode.git 438
2023-09-14 12:06:29.950 [warning] [Decorations] CAPPING events from decorations provider vscode.git 438
2023-09-14 12:06:35.003 [warning] [Decorations] CAPPING events from decorations provider vscode.git 438
2023-09-14 12:06:40.080 [warning] [Decorations] CAPPING events from decorations provider vscode.git 438
2023-09-14 12:06:45.149 [warning] [Decorations] CAPPING events from decorations provider vscode.git 438
2023-09-14 12:06:50.195 [warning] [Decorations] CAPPING events from decorations provider vscode.git 438
2023-09-14 12:06:55.271 [warning] [Decorations] CAPPING events from decorations provider vscode.git 438
2023-09-14 12:07:00.330 [warning] [Decorations] CAPPING events from decorations provider vscode.git 438
2023-09-14 12:07:05.379 [warning] [Decorations] CAPPING events from decorations provider vscode.git 438
2023-09-14 12:07:10.421 [warning] [Decorations] CAPPING events from decorations provider vscode.git 438
2023-09-14 12:07:15.627 [warning] [Decorations] CAPPING events from decorations provider vscode.git 438
2023-09-14 12:07:20.686 [warning] [Decorations] CAPPING events from decorations provider vscode.git 438
2023-09-14 12:07:25.854 [warning] [Decorations] CAPPING events from decorations provider vscode.git 438
2023-09-14 12:07:30.938 [warning] [Decorations] CAPPING events from decorations provider vscode.git 438
2023-09-14 12:07:36.044 [warning] [Decorations] CAPPING events from decorations provider vscode.git 438
2023-09-14 12:07:41.124 [warning] [Decorations] CAPPING events from decorations provider vscode.git 438
2023-09-14 12:07:46.199 [warning] [Decorations] CAPPING events from decorations provider vscode.git 438
2023-09-14 12:07:51.243 [warning] [Decorations] CAPPING events from decorations provider vscode.git 438
2023-09-14 12:07:56.306 [warning] [Decorations] CAPPING events from decorations provider vscode.git 438
2023-09-14 12:08:01.374 [warning] [Decorations] CAPPING events from decorations provider vscode.git 438
2023-09-14 12:08:08.497 [warning] [Decorations] CAPPING events from decorations provider vscode.git 438
2023-09-14 12:08:13.600 [warning] [Decorations] CAPPING events from decorations provider vscode.git 438
2023-09-14 12:08:18.636 [warning] [Decorations] CAPPING events from decorations provider vscode.git 438
2023-09-14 12:08:23.701 [warning] [Decorations] CAPPING events from decorations provider vscode.git 438
2023-09-14 12:08:28.756 [warning] [Decorations] CAPPING events from decorations provider vscode.git 438
2023-09-14 12:08:33.858 [warning] [Decorations] CAPPING events from decorations provider vscode.git 438
2023-09-14 12:08:39.028 [warning] [Decorations] CAPPING events from decorations provider vscode.git 438
2023-09-14 12:08:44.070 [warning] [Decorations] CAPPING events from decorations provider vscode.git 438
2023-09-14 12:08:49.113 [warning] [Decorations] CAPPING events from decorations provider vscode.git 438
2023-09-14 12:08:54.214 [warning] [Decorations] CAPPING events from decorations provider vscode.git 439
2023-09-14 12:08:59.364 [warning] [Decorations] CAPPING events from decorations provider vscode.git 438
2023-09-14 12:09:04.413 [warning] [Decorations] CAPPING events from decorations provider vscode.git 438
2023-09-14 12:09:09.498 [warning] [Decorations] CAPPING events from decorations provider vscode.git 438
2023-09-14 12:09:14.538 [warning] [Decorations] CAPPING events from decorations provider vscode.git 438
2023-09-14 12:09:19.601 [warning] [Decorations] CAPPING events from decorations provider vscode.git 438
2023-09-14 12:09:24.640 [warning] [Decorations] CAPPING events from decorations provider vscode.git 438
2023-09-14 12:09:29.735 [warning] [Decorations] CAPPING events from decorations provider vscode.git 438
2023-09-14 12:09:34.954 [warning] [Decorations] CAPPING events from decorations provider vscode.git 438
2023-09-14 12:10:33.648 [warning] [Decorations] CAPPING events from decorations provider vscode.git 438
2023-09-14 12:10:53.472 [warning] [Decorations] CAPPING events from decorations provider vscode.git 438
2023-09-14 12:10:54.016 [info] ExtensionService#_doActivateExtension vscode.media-preview, startup: false, activationEvent: 'onCustomEditor:vscode.videoPreview'
2023-09-14 12:10:58.685 [warning] [Decorations] CAPPING events from decorations provider vscode.git 447
2023-09-14 12:11:03.862 [warning] [Decorations] CAPPING events from decorations provider vscode.git 448
2023-09-14 12:11:09.081 [warning] [Decorations] CAPPING events from decorations provider vscode.git 449
2023-09-14 12:11:27.969 [warning] [Decorations] CAPPING events from decorations provider vscode.git 448
2023-09-14 12:11:33.011 [warning] [Decorations] CAPPING events from decorations provider vscode.git 448
2023-09-14 12:11:38.073 [warning] [Decorations] CAPPING events from decorations provider vscode.git 448
2023-09-14 12:21:52.977 [warning] [Decorations] CAPPING events from decorations provider vscode.git 452
2023-09-14 12:21:58.075 [warning] [Decorations] CAPPING events from decorations provider vscode.git 451
2023-09-14 12:22:03.244 [warning] [Decorations] CAPPING events from decorations provider vscode.git 451
2023-09-14 12:22:08.287 [warning] [Decorations] CAPPING events from decorations provider vscode.git 451
2023-09-14 12:22:13.348 [warning] [Decorations] CAPPING events from decorations provider vscode.git 451
2023-09-14 12:22:18.387 [warning] [Decorations] CAPPING events from decorations provider vscode.git 452
2023-09-14 12:22:23.457 [warning] [Decorations] CAPPING events from decorations provider vscode.git 452
2023-09-14 12:22:28.529 [warning] [Decorations] CAPPING events from decorations provider vscode.git 452
2023-09-14 12:22:33.644 [warning] [Decorations] CAPPING events from decorations provider vscode.git 452
2023-09-14 12:22:38.742 [warning] [Decorations] CAPPING events from decorations provider vscode.git 453
2023-09-14 12:22:49.681 [warning] [Decorations] CAPPING events from decorations provider vscode.git 452
2023-09-14 12:22:54.751 [warning] [Decorations] CAPPING events from decorations provider vscode.git 452
2023-09-14 12:22:59.795 [warning] [Decorations] CAPPING events from decorations provider vscode.git 452
2023-09-14 12:23:04.911 [warning] [Decorations] CAPPING events from decorations provider vscode.git 452
2023-09-14 12:23:09.956 [warning] [Decorations] CAPPING events from decorations provider vscode.git 452
2023-09-14 12:23:15.010 [warning] [Decorations] CAPPING events from decorations provider vscode.git 452
2023-09-14 12:23:20.058 [warning] [Decorations] CAPPING events from decorations provider vscode.git 452
2023-09-14 12:23:25.110 [warning] [Decorations] CAPPING events from decorations provider vscode.git 452
2023-09-14 12:23:30.250 [warning] [Decorations] CAPPING events from decorations provider vscode.git 452
2023-09-14 12:23:36.286 [warning] [Decorations] CAPPING events from decorations provider vscode.git 452
2023-09-14 12:23:41.331 [warning] [Decorations] CAPPING events from decorations provider vscode.git 452
2023-09-14 12:23:46.419 [warning] [Decorations] CAPPING events from decorations provider vscode.git 452
2023-09-14 12:23:51.557 [warning] [Decorations] CAPPING events from decorations provider vscode.git 452
2023-09-14 12:23:56.635 [warning] [Decorations] CAPPING events from decorations provider vscode.git 452
2023-09-14 12:24:01.682 [warning] [Decorations] CAPPING events from decorations provider vscode.git 452
2023-09-14 12:24:06.729 [warning] [Decorations] CAPPING events from decorations provider vscode.git 452
2023-09-14 12:24:11.776 [warning] [Decorations] CAPPING events from decorations provider vscode.git 452
2023-09-14 12:24:16.819 [warning] [Decorations] CAPPING events from decorations provider vscode.git 452
2023-09-14 12:24:21.882 [warning] [Decorations] CAPPING events from decorations provider vscode.git 452
2023-09-14 12:24:26.969 [warning] [Decorations] CAPPING events from decorations provider vscode.git 453
2023-09-14 12:26:31.041 [warning] [Decorations] CAPPING events from decorations provider vscode.git 455
2023-09-14 12:26:36.115 [warning] [Decorations] CAPPING events from decorations provider vscode.git 454
2023-09-14 12:26:41.159 [warning] [Decorations] CAPPING events from decorations provider vscode.git 454
2023-09-14 12:26:46.209 [warning] [Decorations] CAPPING events from decorations provider vscode.git 454
2023-09-14 12:26:51.268 [warning] [Decorations] CAPPING events from decorations provider vscode.git 454
2023-09-14 12:26:56.312 [warning] [Decorations] CAPPING events from decorations provider vscode.git 454
2023-09-14 12:27:01.362 [warning] [Decorations] CAPPING events from decorations provider vscode.git 454
2023-09-14 12:27:06.569 [warning] [Decorations] CAPPING events from decorations provider vscode.git 454
2023-09-14 12:27:11.614 [warning] [Decorations] CAPPING events from decorations provider vscode.git 454
2023-09-14 12:27:16.659 [warning] [Decorations] CAPPING events from decorations provider vscode.git 454
2023-09-14 12:27:21.708 [warning] [Decorations] CAPPING events from decorations provider vscode.git 454
2023-09-14 12:27:26.756 [warning] [Decorations] CAPPING events from decorations provider vscode.git 454
2023-09-14 12:27:31.852 [warning] [Decorations] CAPPING events from decorations provider vscode.git 455
2023-09-14 12:27:59.298 [warning] [Decorations] CAPPING events from decorations provider vscode.git 455
2023-09-14 12:28:04.358 [warning] [Decorations] CAPPING events from decorations provider vscode.git 456
2023-09-14 12:28:09.758 [warning] [Decorations] CAPPING events from decorations provider vscode.git 456
2023-09-14 12:28:14.978 [warning] [Decorations] CAPPING events from decorations provider vscode.git 456
2023-09-14 12:28:20.049 [warning] [Decorations] CAPPING events from decorations provider vscode.git 456
2023-09-14 12:28:36.036 [warning] [Decorations] CAPPING events from decorations provider vscode.git 457
2023-09-14 12:28:41.093 [warning] [Decorations] CAPPING events from decorations provider vscode.git 456
2023-09-14 12:28:46.170 [warning] [Decorations] CAPPING events from decorations provider vscode.git 457
2023-09-14 12:28:51.228 [warning] [Decorations] CAPPING events from decorations provider vscode.git 457
2023-09-14 12:28:56.280 [warning] [Decorations] CAPPING events from decorations provider vscode.git 457
2023-09-14 12:29:01.637 [warning] [Decorations] CAPPING events from decorations provider vscode.git 457
2023-09-14 12:29:06.706 [warning] [Decorations] CAPPING events from decorations provider vscode.git 457
2023-09-14 12:29:26.704 [warning] [Decorations] CAPPING events from decorations provider vscode.git 458
2023-09-14 12:29:31.782 [warning] [Decorations] CAPPING events from decorations provider vscode.git 458
2023-09-14 12:29:36.855 [warning] [Decorations] CAPPING events from decorations provider vscode.git 459
2023-09-14 12:29:41.948 [warning] [Decorations] CAPPING events from decorations provider vscode.git 459
2023-09-14 12:30:08.668 [warning] [Decorations] CAPPING events from decorations provider vscode.git 460
2023-09-14 12:30:13.712 [warning] [Decorations] CAPPING events from decorations provider vscode.git 459
2023-09-14 12:30:18.868 [warning] [Decorations] CAPPING events from decorations provider vscode.git 459
2023-09-14 12:30:24.027 [warning] [Decorations] CAPPING events from decorations provider vscode.git 460
2023-09-14 12:30:36.443 [warning] [Decorations] CAPPING events from decorations provider vscode.git 461
2023-09-14 12:30:41.512 [warning] [Decorations] CAPPING events from decorations provider vscode.git 461
2023-09-14 12:30:46.568 [warning] [Decorations] CAPPING events from decorations provider vscode.git 462
2023-09-14 12:30:51.634 [warning] [Decorations] CAPPING events from decorations provider vscode.git 461
2023-09-14 12:30:56.709 [warning] [Decorations] CAPPING events from decorations provider vscode.git 461
2023-09-14 12:31:01.908 [warning] [Decorations] CAPPING events from decorations provider vscode.git 461
2023-09-14 12:31:06.989 [warning] [Decorations] CAPPING events from decorations provider vscode.git 461
2023-09-14 12:31:12.074 [warning] [Decorations] CAPPING events from decorations provider vscode.git 461
2023-09-14 12:31:17.149 [warning] [Decorations] CAPPING events from decorations provider vscode.git 461
2023-09-14 12:31:22.223 [warning] [Decorations] CAPPING events from decorations provider vscode.git 461
2023-09-14 12:31:27.279 [warning] [Decorations] CAPPING events from decorations provider vscode.git 461
2023-09-14 12:31:32.360 [warning] [Decorations] CAPPING events from decorations provider vscode.git 461
2023-09-14 12:31:37.455 [warning] [Decorations] CAPPING events from decorations provider vscode.git 461
2023-09-14 12:31:42.544 [warning] [Decorations] CAPPING events from decorations provider vscode.git 461
2023-09-14 12:31:47.592 [warning] [Decorations] CAPPING events from decorations provider vscode.git 461
2023-09-14 12:31:52.638 [warning] [Decorations] CAPPING events from decorations provider vscode.git 461
2023-09-14 12:31:57.697 [warning] [Decorations] CAPPING events from decorations provider vscode.git 461
2023-09-14 12:32:02.797 [warning] [Decorations] CAPPING events from decorations provider vscode.git 461
2023-09-14 12:32:07.909 [warning] [Decorations] CAPPING events from decorations provider vscode.git 461
2023-09-14 12:32:12.954 [warning] [Decorations] CAPPING events from decorations provider vscode.git 461
2023-09-14 12:32:18.124 [warning] [Decorations] CAPPING events from decorations provider vscode.git 461
2023-09-14 12:32:23.189 [warning] [Decorations] CAPPING events from decorations provider vscode.git 461
2023-09-14 12:32:28.269 [warning] [Decorations] CAPPING events from decorations provider vscode.git 461
2023-09-14 12:32:33.318 [warning] [Decorations] CAPPING events from decorations provider vscode.git 461
2023-09-14 12:32:38.413 [warning] [Decorations] CAPPING events from decorations provider vscode.git 461
2023-09-14 12:32:43.689 [warning] [Decorations] CAPPING events from decorations provider vscode.git 461
2023-09-14 12:32:48.745 [warning] [Decorations] CAPPING events from decorations provider vscode.git 461
2023-09-14 12:32:54.330 [warning] [Decorations] CAPPING events from decorations provider vscode.git 461
2023-09-14 12:32:59.386 [warning] [Decorations] CAPPING events from decorations provider vscode.git 461
2023-09-14 12:33:04.429 [warning] [Decorations] CAPPING events from decorations provider vscode.git 461
2023-09-14 12:33:09.509 [warning] [Decorations] CAPPING events from decorations provider vscode.git 461
2023-09-14 12:33:14.584 [warning] [Decorations] CAPPING events from decorations provider vscode.git 461
2023-09-14 12:33:19.656 [warning] [Decorations] CAPPING events from decorations provider vscode.git 461
2023-09-14 12:33:24.739 [warning] [Decorations] CAPPING events from decorations provider vscode.git 461
2023-09-14 12:33:29.800 [warning] [Decorations] CAPPING events from decorations provider vscode.git 461
2023-09-14 12:33:34.908 [warning] [Decorations] CAPPING events from decorations provider vscode.git 461
2023-09-14 12:33:39.979 [warning] [Decorations] CAPPING events from decorations provider vscode.git 461
2023-09-14 12:33:45.223 [warning] [Decorations] CAPPING events from decorations provider vscode.git 461
2023-09-14 12:33:50.356 [warning] [Decorations] CAPPING events from decorations provider vscode.git 461
2023-09-14 12:33:55.437 [warning] [Decorations] CAPPING events from decorations provider vscode.git 462
2023-09-14 12:34:00.500 [warning] [Decorations] CAPPING events from decorations provider vscode.git 462
2023-09-14 12:34:05.582 [warning] [Decorations] CAPPING events from decorations provider vscode.git 462
2023-09-14 12:34:10.629 [warning] [Decorations] CAPPING events from decorations provider vscode.git 462
2023-09-14 12:34:15.698 [warning] [Decorations] CAPPING events from decorations provider vscode.git 462
2023-09-14 12:34:20.741 [warning] [Decorations] CAPPING events from decorations provider vscode.git 462
2023-09-14 12:34:25.872 [warning] [Decorations] CAPPING events from decorations provider vscode.git 462
2023-09-14 12:34:30.950 [warning] [Decorations] CAPPING events from decorations provider vscode.git 462
2023-09-14 12:34:59.386 [warning] [Decorations] CAPPING events from decorations provider vscode.git 463
2023-09-14 12:35:04.481 [warning] [Decorations] CAPPING events from decorations provider vscode.git 462
2023-09-14 12:35:09.530 [warning] [Decorations] CAPPING events from decorations provider vscode.git 462
2023-09-14 12:35:14.645 [warning] [Decorations] CAPPING events from decorations provider vscode.git 463
2023-09-14 12:35:19.698 [warning] [Decorations] CAPPING events from decorations provider vscode.git 463
2023-09-14 12:35:24.778 [warning] [Decorations] CAPPING events from decorations provider vscode.git 463
2023-09-14 12:35:29.817 [warning] [Decorations] CAPPING events from decorations provider vscode.git 463
2023-09-14 12:35:34.875 [warning] [Decorations] CAPPING events from decorations provider vscode.git 463
2023-09-14 12:35:39.918 [warning] [Decorations] CAPPING events from decorations provider vscode.git 463
2023-09-14 12:35:44.986 [warning] [Decorations] CAPPING events from decorations provider vscode.git 463
2023-09-14 12:35:50.074 [warning] [Decorations] CAPPING events from decorations provider vscode.git 463
2023-09-14 12:35:55.127 [warning] [Decorations] CAPPING events from decorations provider vscode.git 463
2023-09-14 12:36:00.277 [warning] [Decorations] CAPPING events from decorations provider vscode.git 463
2023-09-14 12:36:05.340 [warning] [Decorations] CAPPING events from decorations provider vscode.git 463
2023-09-14 12:36:10.393 [warning] [Decorations] CAPPING events from decorations provider vscode.git 463
2023-09-14 12:36:15.556 [warning] [Decorations] CAPPING events from decorations provider vscode.git 463
2023-09-14 12:36:20.613 [warning] [Decorations] CAPPING events from decorations provider vscode.git 463
2023-09-14 12:36:25.695 [warning] [Decorations] CAPPING events from decorations provider vscode.git 463
2023-09-14 12:36:30.737 [warning] [Decorations] CAPPING events from decorations provider vscode.git 464
2023-09-14 12:36:35.856 [warning] [Decorations] CAPPING events from decorations provider vscode.git 463
2023-09-14 12:36:40.915 [warning] [Decorations] CAPPING events from decorations provider vscode.git 463
2023-09-14 12:36:45.968 [warning] [Decorations] CAPPING events from decorations provider vscode.git 463
2023-09-14 12:36:51.428 [warning] [Decorations] CAPPING events from decorations provider vscode.git 464
2023-09-14 12:37:05.210 [warning] [Decorations] CAPPING events from decorations provider vscode.git 465
2023-09-14 12:37:10.262 [warning] [Decorations] CAPPING events from decorations provider vscode.git 464
2023-09-14 12:37:15.304 [warning] [Decorations] CAPPING events from decorations provider vscode.git 464
2023-09-14 12:37:20.357 [warning] [Decorations] CAPPING events from decorations provider vscode.git 464
2023-09-14 12:37:25.404 [warning] [Decorations] CAPPING events from decorations provider vscode.git 464
2023-09-14 12:37:30.448 [warning] [Decorations] CAPPING events from decorations provider vscode.git 464
2023-09-14 12:37:35.499 [warning] [Decorations] CAPPING events from decorations provider vscode.git 464
2023-09-14 12:37:40.548 [warning] [Decorations] CAPPING events from decorations provider vscode.git 464
2023-09-14 12:37:45.607 [warning] [Decorations] CAPPING events from decorations provider vscode.git 464
2023-09-14 12:37:50.679 [warning] [Decorations] CAPPING events from decorations provider vscode.git 464
2023-09-14 12:37:55.731 [warning] [Decorations] CAPPING events from decorations provider vscode.git 464
2023-09-14 12:38:00.792 [warning] [Decorations] CAPPING events from decorations provider vscode.git 464
2023-09-14 12:38:05.859 [warning] [Decorations] CAPPING events from decorations provider vscode.git 464
2023-09-14 12:38:10.914 [warning] [Decorations] CAPPING events from decorations provider vscode.git 464
2023-09-14 12:38:15.966 [warning] [Decorations] CAPPING events from decorations provider vscode.git 464
2023-09-14 12:38:21.018 [warning] [Decorations] CAPPING events from decorations provider vscode.git 464
2023-09-14 12:38:26.069 [warning] [Decorations] CAPPING events from decorations provider vscode.git 464
2023-09-14 12:38:31.115 [warning] [Decorations] CAPPING events from decorations provider vscode.git 464
2023-09-14 12:38:36.169 [warning] [Decorations] CAPPING events from decorations provider vscode.git 464
2023-09-14 12:38:41.217 [warning] [Decorations] CAPPING events from decorations provider vscode.git 464
2023-09-14 12:38:46.274 [warning] [Decorations] CAPPING events from decorations provider vscode.git 464
2023-09-14 12:38:51.324 [warning] [Decorations] CAPPING events from decorations provider vscode.git 464
2023-09-14 12:38:56.375 [warning] [Decorations] CAPPING events from decorations provider vscode.git 464
2023-09-14 12:39:01.418 [warning] [Decorations] CAPPING events from decorations provider vscode.git 464
2023-09-14 12:39:06.465 [warning] [Decorations] CAPPING events from decorations provider vscode.git 464
2023-09-14 12:39:11.517 [warning] [Decorations] CAPPING events from decorations provider vscode.git 464
2023-09-14 12:39:16.573 [warning] [Decorations] CAPPING events from decorations provider vscode.git 464
2023-09-14 12:39:21.625 [warning] [Decorations] CAPPING events from decorations provider vscode.git 464
2023-09-14 12:39:26.685 [warning] [Decorations] CAPPING events from decorations provider vscode.git 464
2023-09-14 12:39:31.724 [warning] [Decorations] CAPPING events from decorations provider vscode.git 464
2023-09-14 12:39:36.775 [warning] [Decorations] CAPPING events from decorations provider vscode.git 464
2023-09-14 12:39:41.829 [warning] [Decorations] CAPPING events from decorations provider vscode.git 464
2023-09-14 12:39:46.879 [warning] [Decorations] CAPPING events from decorations provider vscode.git 464
2023-09-14 12:39:51.929 [warning] [Decorations] CAPPING events from decorations provider vscode.git 464
2023-09-14 12:39:56.979 [warning] [Decorations] CAPPING events from decorations provider vscode.git 464
2023-09-14 12:40:02.029 [warning] [Decorations] CAPPING events from decorations provider vscode.git 464
2023-09-14 12:40:07.131 [warning] [Decorations] CAPPING events from decorations provider vscode.git 464
2023-09-14 12:40:12.188 [warning] [Decorations] CAPPING events from decorations provider vscode.git 464
2023-09-14 12:40:17.240 [warning] [Decorations] CAPPING events from decorations provider vscode.git 464
2023-09-14 12:40:22.292 [warning] [Decorations] CAPPING events from decorations provider vscode.git 464
2023-09-14 12:40:27.339 [warning] [Decorations] CAPPING events from decorations provider vscode.git 464
2023-09-14 12:40:32.427 [warning] [Decorations] CAPPING events from decorations provider vscode.git 464
2023-09-14 12:40:37.505 [warning] [Decorations] CAPPING events from decorations provider vscode.git 464
2023-09-14 12:40:42.565 [warning] [Decorations] CAPPING events from decorations provider vscode.git 464
2023-09-14 12:40:47.650 [warning] [Decorations] CAPPING events from decorations provider vscode.git 464
2023-09-14 12:40:52.707 [warning] [Decorations] CAPPING events from decorations provider vscode.git 464
2023-09-14 12:40:57.816 [warning] [Decorations] CAPPING events from decorations provider vscode.git 464
2023-09-14 12:41:02.880 [warning] [Decorations] CAPPING events from decorations provider vscode.git 464
2023-09-14 12:41:07.928 [warning] [Decorations] CAPPING events from decorations provider vscode.git 464
2023-09-14 12:41:13.079 [warning] [Decorations] CAPPING events from decorations provider vscode.git 464
2023-09-14 12:41:18.786 [warning] [Decorations] CAPPING events from decorations provider vscode.git 464
2023-09-14 12:41:23.917 [warning] [Decorations] CAPPING events from decorations provider vscode.git 464
2023-09-14 12:41:29.161 [warning] [Decorations] CAPPING events from decorations provider vscode.git 464
2023-09-14 12:41:34.207 [warning] [Decorations] CAPPING events from decorations provider vscode.git 464
2023-09-14 12:41:39.265 [warning] [Decorations] CAPPING events from decorations provider vscode.git 464
2023-09-14 12:41:44.343 [warning] [Decorations] CAPPING events from decorations provider vscode.git 464
2023-09-14 12:41:49.395 [warning] [Decorations] CAPPING events from decorations provider vscode.git 464
2023-09-14 12:41:54.439 [warning] [Decorations] CAPPING events from decorations provider vscode.git 464
2023-09-14 12:42:00.112 [warning] [Decorations] CAPPING events from decorations provider vscode.git 464
2023-09-14 12:42:05.164 [warning] [Decorations] CAPPING events from decorations provider vscode.git 464
2023-09-14 12:42:10.297 [warning] [Decorations] CAPPING events from decorations provider vscode.git 464
2023-09-14 12:42:15.352 [warning] [Decorations] CAPPING events from decorations provider vscode.git 464
2023-09-14 12:42:20.462 [warning] [Decorations] CAPPING events from decorations provider vscode.git 464
2023-09-14 12:42:25.774 [warning] [Decorations] CAPPING events from decorations provider vscode.git 464
2023-09-14 12:42:30.862 [warning] [Decorations] CAPPING events from decorations provider vscode.git 464
2023-09-14 12:42:35.914 [warning] [Decorations] CAPPING events from decorations provider vscode.git 464
2023-09-14 12:42:40.999 [warning] [Decorations] CAPPING events from decorations provider vscode.git 464
2023-09-14 12:42:46.054 [warning] [Decorations] CAPPING events from decorations provider vscode.git 464
2023-09-14 12:42:51.160 [warning] [Decorations] CAPPING events from decorations provider vscode.git 464
2023-09-14 12:42:56.220 [warning] [Decorations] CAPPING events from decorations provider vscode.git 464
2023-09-14 12:43:01.266 [warning] [Decorations] CAPPING events from decorations provider vscode.git 464
2023-09-14 12:43:06.340 [warning] [Decorations] CAPPING events from decorations provider vscode.git 464
2023-09-14 12:43:11.456 [warning] [Decorations] CAPPING events from decorations provider vscode.git 464
2023-09-14 12:43:16.592 [warning] [Decorations] CAPPING events from decorations provider vscode.git 464
2023-09-14 12:43:21.675 [warning] [Decorations] CAPPING events from decorations provider vscode.git 464
2023-09-14 12:43:26.816 [warning] [Decorations] CAPPING events from decorations provider vscode.git 464
2023-09-14 12:43:31.894 [warning] [Decorations] CAPPING events from decorations provider vscode.git 464
2023-09-14 12:43:36.977 [warning] [Decorations] CAPPING events from decorations provider vscode.git 464
2023-09-14 12:43:42.070 [warning] [Decorations] CAPPING events from decorations provider vscode.git 464
2023-09-14 12:43:47.141 [warning] [Decorations] CAPPING events from decorations provider vscode.git 464
2023-09-14 12:43:52.263 [warning] [Decorations] CAPPING events from decorations provider vscode.git 464
2023-09-14 12:43:57.420 [warning] [Decorations] CAPPING events from decorations provider vscode.git 464
2023-09-14 12:44:02.619 [warning] [Decorations] CAPPING events from decorations provider vscode.git 464
2023-09-14 12:44:07.720 [warning] [Decorations] CAPPING events from decorations provider vscode.git 464
2023-09-14 12:44:12.801 [warning] [Decorations] CAPPING events from decorations provider vscode.git 464
2023-09-14 12:44:18.233 [warning] [Decorations] CAPPING events from decorations provider vscode.git 464
2023-09-14 12:44:23.334 [warning] [Decorations] CAPPING events from decorations provider vscode.git 464
2023-09-14 12:44:28.417 [warning] [Decorations] CAPPING events from decorations provider vscode.git 464
2023-09-14 12:44:33.493 [warning] [Decorations] CAPPING events from decorations provider vscode.git 464
2023-09-14 12:44:38.634 [warning] [Decorations] CAPPING events from decorations provider vscode.git 464
2023-09-14 12:44:43.694 [warning] [Decorations] CAPPING events from decorations provider vscode.git 464
2023-09-14 12:44:48.775 [warning] [Decorations] CAPPING events from decorations provider vscode.git 464
2023-09-14 12:44:53.845 [warning] [Decorations] CAPPING events from decorations provider vscode.git 464
2023-09-14 12:44:58.897 [warning] [Decorations] CAPPING events from decorations provider vscode.git 464
2023-09-14 12:45:03.938 [warning] [Decorations] CAPPING events from decorations provider vscode.git 464
2023-09-14 12:45:09.234 [warning] [Decorations] CAPPING events from decorations provider vscode.git 464
2023-09-14 12:45:14.298 [warning] [Decorations] CAPPING events from decorations provider vscode.git 464
2023-09-14 12:45:19.371 [warning] [Decorations] CAPPING events from decorations provider vscode.git 464
2023-09-14 12:45:24.487 [warning] [Decorations] CAPPING events from decorations provider vscode.git 464
2023-09-14 12:45:29.577 [warning] [Decorations] CAPPING events from decorations provider vscode.git 464
2023-09-14 12:45:34.664 [warning] [Decorations] CAPPING events from decorations provider vscode.git 464
2023-09-14 12:45:39.714 [warning] [Decorations] CAPPING events from decorations provider vscode.git 464
2023-09-14 12:45:45.506 [warning] [Decorations] CAPPING events from decorations provider vscode.git 464
2023-09-14 12:45:50.593 [warning] [Decorations] CAPPING events from decorations provider vscode.git 464
2023-09-14 12:45:55.769 [warning] [Decorations] CAPPING events from decorations provider vscode.git 464
2023-09-14 12:46:00.819 [warning] [Decorations] CAPPING events from decorations provider vscode.git 464
2023-09-14 12:46:05.900 [warning] [Decorations] CAPPING events from decorations provider vscode.git 464
2023-09-14 12:46:10.951 [warning] [Decorations] CAPPING events from decorations provider vscode.git 464
2023-09-14 12:46:16.026 [warning] [Decorations] CAPPING events from decorations provider vscode.git 464
2023-09-14 12:46:21.080 [warning] [Decorations] CAPPING events from decorations provider vscode.git 464
2023-09-14 12:46:26.155 [warning] [Decorations] CAPPING events from decorations provider vscode.git 464
2023-09-14 12:46:31.290 [warning] [Decorations] CAPPING events from decorations provider vscode.git 464
2023-09-14 12:46:36.357 [warning] [Decorations] CAPPING events from decorations provider vscode.git 464
2023-09-14 12:46:41.420 [warning] [Decorations] CAPPING events from decorations provider vscode.git 464
2023-09-14 12:46:46.479 [warning] [Decorations] CAPPING events from decorations provider vscode.git 464
2023-09-14 12:46:51.938 [warning] [Decorations] CAPPING events from decorations provider vscode.git 464
2023-09-14 12:46:56.982 [warning] [Decorations] CAPPING events from decorations provider vscode.git 464
2023-09-14 12:47:02.040 [warning] [Decorations] CAPPING events from decorations provider vscode.git 464
2023-09-14 12:47:07.134 [warning] [Decorations] CAPPING events from decorations provider vscode.git 464
2023-09-14 12:47:12.236 [warning] [Decorations] CAPPING events from decorations provider vscode.git 464
2023-09-14 12:47:17.297 [warning] [Decorations] CAPPING events from decorations provider vscode.git 464
2023-09-14 12:47:22.383 [warning] [Decorations] CAPPING events from decorations provider vscode.git 464
2023-09-14 12:47:27.467 [warning] [Decorations] CAPPING events from decorations provider vscode.git 464
2023-09-14 12:47:32.558 [warning] [Decorations] CAPPING events from decorations provider vscode.git 465
2023-09-14 12:47:37.605 [warning] [Decorations] CAPPING events from decorations provider vscode.git 465
2023-09-14 12:47:42.706 [warning] [Decorations] CAPPING events from decorations provider vscode.git 465
2023-09-14 12:47:47.758 [warning] [Decorations] CAPPING events from decorations provider vscode.git 465
2023-09-14 12:47:52.797 [warning] [Decorations] CAPPING events from decorations provider vscode.git 465
2023-09-14 12:47:57.841 [warning] [Decorations] CAPPING events from decorations provider vscode.git 465
2023-09-14 12:48:02.915 [warning] [Decorations] CAPPING events from decorations provider vscode.git 465
2023-09-14 12:48:07.988 [warning] [Decorations] CAPPING events from decorations provider vscode.git 465
2023-09-14 12:48:13.027 [warning] [Decorations] CAPPING events from decorations provider vscode.git 465
2023-09-14 12:48:18.069 [warning] [Decorations] CAPPING events from decorations provider vscode.git 465
2023-09-14 12:48:23.137 [warning] [Decorations] CAPPING events from decorations provider vscode.git 465
2023-09-14 12:48:28.193 [warning] [Decorations] CAPPING events from decorations provider vscode.git 465
2023-09-14 12:48:33.237 [warning] [Decorations] CAPPING events from decorations provider vscode.git 466
2023-09-14 12:48:38.314 [warning] [Decorations] CAPPING events from decorations provider vscode.git 465
2023-09-14 12:48:43.395 [warning] [Decorations] CAPPING events from decorations provider vscode.git 466
2023-09-14 12:48:48.527 [warning] [Decorations] CAPPING events from decorations provider vscode.git 467
2023-09-14 12:49:44.656 [warning] [Decorations] CAPPING events from decorations provider vscode.git 466
2023-09-14 12:49:49.699 [warning] [Decorations] CAPPING events from decorations provider vscode.git 466
2023-09-14 12:49:54.755 [warning] [Decorations] CAPPING events from decorations provider vscode.git 466
2023-09-14 12:49:59.803 [warning] [Decorations] CAPPING events from decorations provider vscode.git 467
2023-09-14 12:50:04.845 [warning] [Decorations] CAPPING events from decorations provider vscode.git 467
2023-09-14 12:50:09.904 [warning] [Decorations] CAPPING events from decorations provider vscode.git 467
2023-09-14 12:50:14.945 [warning] [Decorations] CAPPING events from decorations provider vscode.git 467
2023-09-14 12:50:19.996 [warning] [Decorations] CAPPING events from decorations provider vscode.git 467
2023-09-14 12:50:25.284 [warning] [Decorations] CAPPING events from decorations provider vscode.git 468
2023-09-14 12:50:30.366 [warning] [Decorations] CAPPING events from decorations provider vscode.git 468
2023-09-14 12:50:35.429 [warning] [Decorations] CAPPING events from decorations provider vscode.git 468
2023-09-14 12:50:40.477 [warning] [Decorations] CAPPING events from decorations provider vscode.git 468
2023-09-14 12:50:45.541 [warning] [Decorations] CAPPING events from decorations provider vscode.git 468
2023-09-14 12:50:50.594 [warning] [Decorations] CAPPING events from decorations provider vscode.git 468
2023-09-14 12:50:55.647 [warning] [Decorations] CAPPING events from decorations provider vscode.git 468
2023-09-14 12:51:00.743 [warning] [Decorations] CAPPING events from decorations provider vscode.git 469
2023-09-14 12:51:12.260 [warning] [Decorations] CAPPING events from decorations provider vscode.git 468
2023-09-14 12:51:17.304 [warning] [Decorations] CAPPING events from decorations provider vscode.git 468
2023-09-14 12:51:22.367 [warning] [Decorations] CAPPING events from decorations provider vscode.git 469
2023-09-14 12:51:27.484 [warning] [Decorations] CAPPING events from decorations provider vscode.git 470
2023-09-14 12:51:34.131 [warning] [Decorations] CAPPING events from decorations provider vscode.git 469
2023-09-14 12:51:39.177 [warning] [Decorations] CAPPING events from decorations provider vscode.git 469
2023-09-14 12:51:44.275 [warning] [Decorations] CAPPING events from decorations provider vscode.git 469
2023-09-14 12:51:49.343 [warning] [Decorations] CAPPING events from decorations provider vscode.git 469
2023-09-14 12:51:54.403 [warning] [Decorations] CAPPING events from decorations provider vscode.git 470
2023-09-14 12:51:59.533 [warning] [Decorations] CAPPING events from decorations provider vscode.git 470
2023-09-14 12:52:04.591 [warning] [Decorations] CAPPING events from decorations provider vscode.git 470
2023-09-14 12:52:12.199 [warning] [Decorations] CAPPING events from decorations provider vscode.git 471
2023-09-14 12:52:17.265 [warning] [Decorations] CAPPING events from decorations provider vscode.git 470
2023-09-14 12:52:22.344 [warning] [Decorations] CAPPING events from decorations provider vscode.git 470
2023-09-14 12:52:27.639 [warning] [Decorations] CAPPING events from decorations provider vscode.git 470
2023-09-14 12:52:32.684 [warning] [Decorations] CAPPING events from decorations provider vscode.git 470
2023-09-14 12:52:37.969 [warning] [Decorations] CAPPING events from decorations provider vscode.git 470
2023-09-14 12:52:59.986 [warning] [Decorations] CAPPING events from decorations provider vscode.git 470
2023-09-14 12:53:05.034 [warning] [Decorations] CAPPING events from decorations provider vscode.git 470
2023-09-14 12:53:10.073 [warning] [Decorations] CAPPING events from decorations provider vscode.git 471
2023-09-14 12:53:15.128 [warning] [Decorations] CAPPING events from decorations provider vscode.git 471
2023-09-14 12:53:20.182 [warning] [Decorations] CAPPING events from decorations provider vscode.git 471
2023-09-14 12:54:07.443 [warning] [Decorations] CAPPING events from decorations provider vscode.git 473
2023-09-14 12:54:12.510 [warning] [Decorations] CAPPING events from decorations provider vscode.git 472
2023-09-14 12:54:17.553 [warning] [Decorations] CAPPING events from decorations provider vscode.git 473
2023-09-14 12:54:22.661 [warning] [Decorations] CAPPING events from decorations provider vscode.git 474
2023-09-14 12:54:29.179 [warning] [Decorations] CAPPING events from decorations provider vscode.git 473
2023-09-14 12:54:34.227 [warning] [Decorations] CAPPING events from decorations provider vscode.git 473
2023-09-14 12:54:39.447 [warning] [Decorations] CAPPING events from decorations provider vscode.git 474
2023-09-14 12:54:44.597 [warning] [Decorations] CAPPING events from decorations provider vscode.git 474
2023-09-14 12:54:49.664 [warning] [Decorations] CAPPING events from decorations provider vscode.git 474
2023-09-14 12:54:54.720 [warning] [Decorations] CAPPING events from decorations provider vscode.git 474
2023-09-14 12:54:59.811 [warning] [Decorations] CAPPING events from decorations provider vscode.git 474
2023-09-14 12:55:04.917 [warning] [Decorations] CAPPING events from decorations provider vscode.git 474
2023-09-14 12:55:10.022 [warning] [Decorations] CAPPING events from decorations provider vscode.git 474
2023-09-14 12:55:15.067 [warning] [Decorations] CAPPING events from decorations provider vscode.git 474
2023-09-14 12:55:20.149 [warning] [Decorations] CAPPING events from decorations provider vscode.git 474
2023-09-14 12:55:25.258 [warning] [Decorations] CAPPING events from decorations provider vscode.git 474
2023-09-14 12:55:30.308 [warning] [Decorations] CAPPING events from decorations provider vscode.git 474
2023-09-14 12:55:36.876 [warning] [Decorations] CAPPING events from decorations provider vscode.git 475
2023-09-14 12:55:52.100 [warning] [Decorations] CAPPING events from decorations provider vscode.git 474
2023-09-14 12:55:57.490 [warning] [Decorations] CAPPING events from decorations provider vscode.git 474
2023-09-14 12:56:02.545 [warning] [Decorations] CAPPING events from decorations provider vscode.git 475
2023-09-14 12:56:07.680 [warning] [Decorations] CAPPING events from decorations provider vscode.git 475
2023-09-14 12:56:25.651 [warning] [Decorations] CAPPING events from decorations provider vscode.git 476
2023-09-14 12:56:30.732 [warning] [Decorations] CAPPING events from decorations provider vscode.git 475
2023-09-14 12:56:35.810 [warning] [Decorations] CAPPING events from decorations provider vscode.git 475
2023-09-14 12:56:40.929 [warning] [Decorations] CAPPING events from decorations provider vscode.git 475
2023-09-14 12:56:45.977 [warning] [Decorations] CAPPING events from decorations provider vscode.git 475
2023-09-14 12:58:44.595 [warning] [Decorations] CAPPING events from decorations provider vscode.git 475
